This is pdfTeXk, Version 3.141592-1.40.3 (Web2C 7.5.6) (format=latex 2008.1.15)  18 JAN 2008 01:34
entering extended mode
 %&-line parsing enabled.
**\AtBeginDocument{\RequirePackage{pslatex}} \def\PSLATEXTMP{\futurelet\PSLATEX
TMP\PSLATEXTMPB} \def\PSLATEXTMPB{\ifx\PSLATEXTMP\nonstopmode\else\input\fi} \P
SLATEXTMP 3rdyeardraft.latex
(./3rdyeardraft.latex (/usr/share/texmf-texlive/tex/latex/base/book.cls
Document Class: book 2005/09/16 v1.4f Standard LaTeX document class
(/usr/share/texmf-texlive/tex/latex/base/bk11.clo
File: bk11.clo 2005/09/16 v1.4f Standard LaTeX file (size option)
)
\c@part=\count79
\c@chapter=\count80
\c@section=\count81
\c@subsection=\count82
\c@subsubsection=\count83
\c@paragraph=\count84
\c@subparagraph=\count85
\c@figure=\count86
\c@table=\count87
\abovecaptionskip=\skip41
\belowcaptionskip=\skip42
\bibindent=\dimen102
)
(/usr/share/texmf-texlive/tex/latex/amsmath/amsmath.sty
Package: amsmath 2000/07/18 v2.13 AMS math features
\@mathmargin=\skip43

For additional information on amsmath, use the `?' option.
(/usr/share/texmf-texlive/tex/latex/amsmath/amstext.sty
Package: amstext 2000/06/29 v2.01

(/usr/share/texmf-texlive/tex/latex/amsmath/amsgen.sty
File: amsgen.sty 1999/11/30 v2.0
\@emptytoks=\toks14
\ex@=\dimen103
))
(/usr/share/texmf-texlive/tex/latex/amsmath/amsbsy.sty
Package: amsbsy 1999/11/29 v1.2d
\pmbraise@=\dimen104
)
(/usr/share/texmf-texlive/tex/latex/amsmath/amsopn.sty
Package: amsopn 1999/12/14 v2.01 operator names
)
\inf@bad=\count88
LaTeX Info: Redefining \frac on input line 211.
\uproot@=\count89
\leftroot@=\count90
LaTeX Info: Redefining \overline on input line 307.
\classnum@=\count91
\DOTSCASE@=\count92
LaTeX Info: Redefining \ldots on input line 379.
LaTeX Info: Redefining \dots on input line 382.
LaTeX Info: Redefining \cdots on input line 467.
\Mathstrutbox@=\box26
\strutbox@=\box27
\big@size=\dimen105
LaTeX Font Info:    Redeclaring font encoding OML on input line 567.
LaTeX Font Info:    Redeclaring font encoding OMS on input line 568.
\macc@depth=\count93
\c@MaxMatrixCols=\count94
\dotsspace@=\muskip10
\c@parentequation=\count95
\dspbrk@lvl=\count96
\tag@help=\toks15
\row@=\count97
\column@=\count98
\maxfields@=\count99
\andhelp@=\toks16
\eqnshift@=\dimen106
\alignsep@=\dimen107
\tagshift@=\dimen108
\tagwidth@=\dimen109
\totwidth@=\dimen110
\lineht@=\dimen111
\@envbody=\toks17
\multlinegap=\skip44
\multlinetaggap=\skip45
\mathdisplay@stack=\toks18
LaTeX Info: Redefining \[ on input line 2666.
LaTeX Info: Redefining \] on input line 2667.
)
(/usr/share/texmf-texlive/tex/latex/amsfonts/amssymb.sty
Package: amssymb 2002/01/22 v2.2d

(/usr/share/texmf-texlive/tex/latex/amsfonts/amsfonts.sty
Package: amsfonts 2001/10/25 v2.2f
\symAMSa=\mathgroup4
\symAMSb=\mathgroup5
LaTeX Font Info:    Overwriting math alphabet `\mathfrak' in version `bold'
(Font)                  U/euf/m/n --> U/euf/b/n on input line 132.
))
(/usr/share/texmf-texlive/tex/latex/amscls/amsthm.sty
Package: amsthm 2004/08/06 v2.20
\thm@style=\toks19
\thm@bodyfont=\toks20
\thm@headfont=\toks21
\thm@notefont=\toks22
\thm@headpunct=\toks23
\thm@preskip=\skip46
\thm@postskip=\skip47
\thm@headsep=\skip48
\dth@everypar=\toks24
)
(/usr/share/texmf-texlive/tex/latex/graphics/color.sty
Package: color 2005/11/14 v1.0j Standard LaTeX Color (DPC)

(/etc/texmf/tex/latex/config/color.cfg
File: color.cfg 2007/01/18 v1.5 color configuration of teTeX/TeXLive
)
Package color Info: Driver file: dvips.def on input line 130.

(/usr/share/texmf-texlive/tex/latex/graphics/dvips.def
File: dvips.def 1999/02/16 v3.0i Driver-dependant file (DPC,SPQR)
)
(/usr/share/texmf-texlive/tex/latex/graphics/dvipsnam.def
File: dvipsnam.def 1999/02/16 v3.0i Driver-dependant file (DPC,SPQR)
))
(/usr/share/texmf-texlive/tex/latex/graphics/epsfig.sty
Package: epsfig 1999/02/16 v1.7a (e)psfig emulation (SPQR)

(/usr/share/texmf-texlive/tex/latex/graphics/graphicx.sty
Package: graphicx 1999/02/16 v1.0f Enhanced LaTeX Graphics (DPC,SPQR)

(/usr/share/texmf-texlive/tex/latex/graphics/keyval.sty
Package: keyval 1999/03/16 v1.13 key=value parser (DPC)
\KV@toks@=\toks25
)
(/usr/share/texmf-texlive/tex/latex/graphics/graphics.sty
Package: graphics 2006/02/20 v1.0o Standard LaTeX Graphics (DPC,SPQR)

(/usr/share/texmf-texlive/tex/latex/graphics/trig.sty
Package: trig 1999/03/16 v1.09 sin cos tan (DPC)
)
(/etc/texmf/tex/latex/config/graphics.cfg
File: graphics.cfg 2007/01/18 v1.5 graphics configuration of teTeX/TeXLive
)
Package graphics Info: Driver file: dvips.def on input line 90.
)
\Gin@req@height=\dimen112
\Gin@req@width=\dimen113
)
\epsfxsize=\dimen114
\epsfysize=\dimen115
)
\c@defn=\count100
 (./3rdyeardraft.aux)
\openout1 = `3rdyeardraft.aux'.

LaTeX Font Info:    Checking defaults for OML/cmm/m/it on input line 36.
LaTeX Font Info:    ... okay on input line 36.
LaTeX Font Info:    Checking defaults for T1/cmr/m/n on input line 36.
LaTeX Font Info:    ... okay on input line 36.
LaTeX Font Info:    Checking defaults for OT1/cmr/m/n on input line 36.
LaTeX Font Info:    ... okay on input line 36.
LaTeX Font Info:    Checking defaults for OMS/cmsy/m/n on input line 36.
LaTeX Font Info:    ... okay on input line 36.
LaTeX Font Info:    Checking defaults for OMX/cmex/m/n on input line 36.
LaTeX Font Info:    ... okay on input line 36.
LaTeX Font Info:    Checking defaults for U/cmr/m/n on input line 36.
LaTeX Font Info:    ... okay on input line 36.

(/usr/share/texmf-texlive/tex/latex/pslatex/pslatex.sty
Package: pslatex 1996/07/24 v1.2 pslatex emulation (DPC)
LaTeX Font Info:    Redeclaring symbol font `operators' on input line 65.
LaTeX Font Info:    Overwriting symbol font `operators' in version `normal'
(Font)                  OT1/cmr/m/n --> OT1/ptmcm/m/n on input line 65.
LaTeX Font Info:    Overwriting symbol font `operators' in version `bold'
(Font)                  OT1/cmr/bx/n --> OT1/ptmcm/m/n on input line 65.
LaTeX Font Info:    Redeclaring symbol font `letters' on input line 66.
LaTeX Font Info:    Overwriting symbol font `letters' in version `normal'
(Font)                  OML/cmm/m/it --> OML/ptmcm/m/it on input line 66.
LaTeX Font Info:    Overwriting symbol font `letters' in version `bold'
(Font)                  OML/cmm/b/it --> OML/ptmcm/m/it on input line 66.
LaTeX Font Info:    Redeclaring symbol font `symbols' on input line 67.
LaTeX Font Info:    Overwriting symbol font `symbols' in version `normal'
(Font)                  OMS/cmsy/m/n --> OMS/pzccm/m/n on input line 67.
LaTeX Font Info:    Overwriting symbol font `symbols' in version `bold'
(Font)                  OMS/cmsy/b/n --> OMS/pzccm/m/n on input line 67.
LaTeX Font Info:    Redeclaring symbol font `largesymbols' on input line 68.
LaTeX Font Info:    Overwriting symbol font `largesymbols' in version `normal'
(Font)                  OMX/cmex/m/n --> OMX/psycm/m/n on input line 68.
LaTeX Font Info:    Overwriting symbol font `largesymbols' in version `bold'
(Font)                  OMX/cmex/m/n --> OMX/psycm/m/n on input line 68.
\symbold=\mathgroup6
\symitalic=\mathgroup7
LaTeX Font Info:    Redeclaring math alphabet \mathbf on input line 74.
LaTeX Font Info:    Overwriting math alphabet `\mathbf' in version `normal'
(Font)                  OT1/cmr/bx/n --> OT1/ptm/bx/n on input line 74.
LaTeX Font Info:    Overwriting math alphabet `\mathbf' in version `bold'
(Font)                  OT1/cmr/bx/n --> OT1/ptm/bx/n on input line 74.
LaTeX Font Info:    Redeclaring math alphabet \mathit on input line 75.
LaTeX Font Info:    Overwriting math alphabet `\mathit' in version `normal'
(Font)                  OT1/cmr/m/it --> OT1/ptm/m/it on input line 75.
LaTeX Font Info:    Overwriting math alphabet `\mathit' in version `bold'
(Font)                  OT1/cmr/bx/it --> OT1/ptm/m/it on input line 75.
)
LaTeX Font Info:    Try loading font information for OT1+ptmcm on input line 42
.

(/usr/share/texmf-texlive/tex/latex/psnfss/ot1ptmcm.fd
File: ot1ptmcm.fd 2000/01/03 Fontinst v1.801 font definitions for OT1/ptmcm.
)
LaTeX Font Info:    Try loading font information for OML+ptmcm on input line 42
.

(/usr/share/texmf-texlive/tex/latex/psnfss/omlptmcm.fd
File: omlptmcm.fd 2000/01/03 Fontinst v1.801 font definitions for OML/ptmcm.
)
LaTeX Font Info:    Try loading font information for OMS+pzccm on input line 42
.

(/usr/share/texmf-texlive/tex/latex/psnfss/omspzccm.fd
File: omspzccm.fd 2000/01/03 Fontinst v1.801 font definitions for OMS/pzccm.
)
LaTeX Font Info:    Try loading font information for OMX+psycm on input line 42
.

(/usr/share/texmf-texlive/tex/latex/psnfss/omxpsycm.fd
File: omxpsycm.fd 2000/01/03 Fontinst v1.801 font definitions for OMX/psycm.
)
LaTeX Font Info:    Try loading font information for U+msa on input line 42.

(/usr/share/texmf-texlive/tex/latex/amsfonts/umsa.fd
File: umsa.fd 2002/01/19 v2.2g AMS font definitions
)
LaTeX Font Info:    Try loading font information for U+msb on input line 42.

(/usr/share/texmf-texlive/tex/latex/amsfonts/umsb.fd
File: umsb.fd 2002/01/19 v2.2g AMS font definitions
)
LaTeX Font Info:    Font shape `OT1/ptm/bx/n' in size <12> not available
(Font)              Font shape `OT1/ptm/b/n' tried instead on input line 42.
LaTeX Font Info:    Font shape `OT1/ptm/bx/n' in size <9> not available
(Font)              Font shape `OT1/ptm/b/n' tried instead on input line 42.
LaTeX Font Info:    Font shape `OT1/ptm/bx/n' in size <7> not available
(Font)              Font shape `OT1/ptm/b/n' tried instead on input line 42.
 [1


]
Chapter 1.
LaTeX Font Info:    Font shape `OT1/ptm/bx/n' in size <20.74> not available
(Font)              Font shape `OT1/ptm/b/n' tried instead on input line 44.
LaTeX Font Info:    Font shape `OT1/ptm/bx/n' in size <24.88> not available
(Font)              Font shape `OT1/ptm/b/n' tried instead on input line 44.
LaTeX Font Info:    Font shape `OT1/ptm/bx/n' in size <14.4> not available
(Font)              Font shape `OT1/ptm/b/n' tried instead on input line 48.
LaTeX Font Info:    Font shape `OT1/ptm/bx/n' in size <10.95> not available
(Font)              Font shape `OT1/ptm/b/n' tried instead on input line 59.
LaTeX Font Info:    Font shape `OT1/ptm/bx/n' in size <8> not available
(Font)              Font shape `OT1/ptm/b/n' tried instead on input line 59.
LaTeX Font Info:    Font shape `OT1/ptm/bx/n' in size <6> not available
(Font)              Font shape `OT1/ptm/b/n' tried instead on input line 59.
LaTeX Font Info:    Font shape `OT1/ptm/bx/it' in size <10.95> not available
(Font)              Font shape `OT1/ptm/b/it' tried instead on input line 59.
[1

] [2] [3]
Chapter 2.
LaTeX Font Info:    Font shape `OT1/ptm/bx/n' in size <17.28> not available
(Font)              Font shape `OT1/ptm/b/n' tried instead on input line 112.
[4

]
Overfull \hbox (0.79266pt too wide) in paragraph at lines 134--135
[]\OT1/ptm/m/n/10.95 It is well known that in hy-per-bolic spaces, quasi-geodes
ics lie close to geodesics;
 []

(./1k_close_geo.pstex_t
File: /home/bucko/constanthyperbolicity/1k_close_geo.pstex Graphic file (type e
ps)
 </home/bucko/constanthyperbolicity/1k_close_geo.pstex>) [5] (./1k_tri2.pstex_t
File: 1k_tri2.pstex Graphic file (type eps)
 <1k_tri2.pstex>) [6] [7]

LaTeX Warning: Command \b invalid in math mode on input line 223.


LaTeX Warning: Command \b invalid in math mode on input line 223.


LaTeX Warning: Command \b invalid in math mode on input line 223.


LaTeX Warning: Command \b invalid in math mode on input line 223.


LaTeX Warning: Command \b invalid in math mode on input line 223.


LaTeX Warning: Command \b invalid in math mode on input line 223.


LaTeX Warning: Command \b invalid in math mode on input line 223.

(./resolve_nonvertex.pstex_t
File: /home/bucko/constanthyperbolicity/resolve_nonvertex.pstex Graphic file (t
ype eps)

</home/bucko/constanthyperbolicity/resolve_nonvertex.pstex>)
Overfull \hbox (26.47656pt too wide) in paragraph at lines 3--231
 [][] 
 []

[8] (./resolve_straight.pstex_t
File: resolve_straight.pstex Graphic file (type eps)
 <resolve_straight.pstex>) [9]
Overfull \hbox (9.13737pt too wide) in paragraph at lines 297--298
[]\OT1/ptm/m/n/10.95 so $\OML/ptmcm/m/it/10.95 d\OT1/ptmcm/m/n/10.95 (\OML/ptmc
m/m/it/10.95 a[]; b\OT1/ptmcm/m/n/10.95 ) = \OMS/pzccm/m/n/10.95 j\OML/ptmcm/m/
it/10.95 d\OT1/ptmcm/m/n/10.95 (\OML/ptmcm/m/it/10.95 X; X[]\OT1/ptmcm/m/n/10.9
5 ) \OMS/pzccm/m/n/10.95 ^^@ \OML/ptmcm/m/it/10.95 d\OT1/ptmcm/m/n/10.95 (\OML/
ptmcm/m/it/10.95 X; X[]\OT1/ptmcm/m/n/10.95 )\OMS/pzccm/m/n/10.95 j$\OT1/ptm/m/
n/10.95 . Com-bin-ing cases, we find $\OML/ptmcm/m/it/10.95 d\OT1/ptmcm/m/n/10.
95 (\OML/ptmcm/m/it/10.95 a; b\OT1/ptmcm/m/n/10.95 ) \OMS/pzccm/m/n/10.95 ^^T [
]f\OML/ptmcm/m/it/10.95 ^^N \OT1/ptmcm/m/n/10.95 +
 []

[10] [11] [12] [13]
Chapter 3.

LaTeX Warning: Citation `quadratic' on page 14 undefined on input line 372.


LaTeX Warning: Citation `linear' on page 14 undefined on input line 376.

[14

]

LaTeX Warning: Citation `linear' on page 15 undefined on input line 384.


LaTeX Warning: Citation `linear' on page 15 undefined on input line 386.


LaTeX Warning: Citation `quadratic' on page 15 undefined on input line 396.


Overfull \hbox (3.4221pt too wide) in paragraph at lines 396--397
\OT1/ptm/m/n/10.95 can re-place our lists $\OML/ptmcm/m/it/10.95 A$ \OT1/ptm/m/
n/10.95 and $\OML/ptmcm/m/it/10.95 B$ \OT1/ptm/m/n/10.95 with $\OT1/ptmcm/m/n/1
0.95 (\OML/ptmcm/m/it/10.95 a[] [] a[]; a[] [] a[]; [] ; a[]\OT1/ptmcm/m/n/10.9
5 )[]$ \OT1/ptm/m/n/10.95 and $\OT1/ptmcm/m/n/10.95 (\OML/ptmcm/m/it/10.95 b[] 
[] b[]; b[] [] b[]$\OT1/ptm/m/n/10.95 ,
 []

[15]
LaTeX Font Info:    Font shape `OMS/ptm/m/n' in size <10.95> not available
(Font)              Font shape `OMS/pzccm/m/n' tried instead on input line 405.


Overfull \hbox (38.33852pt too wide) in paragraph at lines 443--444
 [] 
 []

[16]

LaTeX Warning: Citation `linear' on page 17 undefined on input line 477.


LaTeX Warning: Citation `linear' on page 17 undefined on input line 486.


LaTeX Warning: Citation `linear' on page 17 undefined on input line 497.

[17]
Overfull \hbox (15.14177pt too wide) in paragraph at lines 518--519
\OT1/ptm/m/n/10.95 In this sec-tion, we sup-pose that we are given lists $\OML/
ptmcm/m/it/10.95 A \OT1/ptmcm/m/n/10.95 = (\OML/ptmcm/m/it/10.95 a[]; [] ; a[]\
OT1/ptmcm/m/n/10.95 )$ \OT1/ptm/m/n/10.95 and $\OML/ptmcm/m/it/10.95 B \OT1/ptm
cm/m/n/10.95 = (\OML/ptmcm/m/it/10.95 b[]; [] ; b[]\OT1/ptmcm/m/n/10.95 )$\OT1/
ptm/m/n/10.95 ,
 []


LaTeX Warning: Citation `linear' on page 18 undefined on input line 520.


LaTeX Warning: Citation `notes' on page 18 undefined on input line 536.

[18] (./fig3_make_long.pstex_t
File: fig3_make_long.pstex Graphic file (type eps)
 <fig3_make_long.pstex>)
Overfull \hbox (10.28906pt too wide) in paragraph at lines 3--549
 [][] 
 []

[19] [20] (./fig10_quad.pstex_t
File: /home/bucko/phd/conjugacy_of_lists/fig10_quad.pstex Graphic file (type ep
s)

</home/bucko/phd/conjugacy_of_lists/fig10_quad.pstex>)
(./fig11_quad_zoom.pstex_t
File: fig11_quad_zoom.pstex Graphic file (type eps)
 <fig11_quad_zoom.pstex>) [21]
LaTeX Font Info:    Font shape `OMS/ptm/m/it' in size <10.95> not available
(Font)              Font shape `OMS/pzccm/m/n' tried instead on input line 634.


Overfull \hbox (8.48224pt too wide) in paragraph at lines 651--652
\OML/ptmcm/m/it/10.95 d\OT1/ptmcm/m/n/10.95 (\OML/ptmcm/m/it/10.95 C; D\OT1/ptm
cm/m/n/10.95 ) \OMS/pzccm/m/n/10.95 ^^@ \OML/ptmcm/m/it/10.95 d\OT1/ptmcm/m/n/1
0.95 (\OML/ptmcm/m/it/10.95 C; E\OT1/ptmcm/m/n/10.95 )$\OT1/ptm/m/n/10.95 , we 
find that for any $\OML/ptmcm/m/it/10.95 i \OMS/pzccm/m/n/10.95 2 \U/msb/m/n/10
.95 Z$ \OT1/ptm/m/n/10.95 such that $\OMS/pzccm/m/n/10.95 j\OML/ptmcm/m/it/10.9
5 i\OMS/pzccm/m/n/10.95 j \OML/ptmcm/m/it/10.95 < k \OMS/pzccm/m/n/10.95 ^^@ []
$ \OT1/ptm/m/n/10.95 (since $\OML/ptmcm/m/it/10.95 d\OT1/ptmcm/m/n/10.95 (\OML/
ptmcm/m/it/10.95 p[]; D\OT1/ptmcm/m/n/10.95 ) \OMS/pzccm/m/n/10.95 ^^T
 []

(./fig1_bdd_inf.pstex_t
File: fig1_bdd_inf.pstex Graphic file (type eps)
 <fig1_bdd_inf.pstex>)
Overfull \hbox (45.38306pt too wide) in paragraph at lines 3--660
 [][] 
 []

[22] (./fig5_unbd_end.pstex_t
File: fig5_unbd_end.pstex Graphic file (type eps)
 <fig5_unbd_end.pstex>)
(./fig7_unbd_behaved.pstex_t
File: fig7_unbd_behaved.pstex Graphic file (type eps)
 <fig7_unbd_behaved.pstex>) [23]
(./fig8_unbd_grow.pstex_t
File: fig8_unbd_grow.pstex Graphic file (type eps)
 <fig8_unbd_grow.pstex>) [24]

LaTeX Warning: Citation `linear' on page 25 undefined on input line 716.

[25]
Overfull \hbox (0.6471pt too wide) in paragraph at lines 748--749
\OT1/ptm/m/n/10.95 Suppose $\OML/ptmcm/m/it/10.95 A \OT1/ptmcm/m/n/10.95 = (\OM
L/ptmcm/m/it/10.95 a[]; a[]; [] ; a[]\OT1/ptmcm/m/n/10.95 )$ \OT1/ptm/m/n/10.95
 and $\OML/ptmcm/m/it/10.95 B \OT1/ptmcm/m/n/10.95 = (\OML/ptmcm/m/it/10.95 b[]
; [] ; b[]\OT1/ptmcm/m/n/10.95 )$ \OT1/ptm/m/n/10.95 with $\OML/ptmcm/m/it/10.9
5 a[]$ \OT1/ptm/m/n/10.95 and $\OML/ptmcm/m/it/10.95 b[]$ \OT1/ptm/m/n/10.95 fi
-nite or-der geodesic
 []


Overfull \hbox (37.00134pt too wide) in paragraph at lines 765--766
[]\OT1/ptm/b/n/10.95 Proposition 3.4.2. []\OT1/ptm/m/it/10.95 The above al-go-r
ithm will ei-ther find a $\OML/ptmcm/m/it/10.95 c \OMS/pzccm/m/n/10.95 2 \OML/p
tmcm/m/it/10.95 G$ \OT1/ptm/m/it/10.95 for which $\OMS/pzccm/m/n/10.95 j\OT1/pt
mcm/m/n/10.95 (\OML/ptmcm/m/it/10.95 a[]a[] [] a[]\OT1/ptmcm/m/n/10.95 )[]\OMS/
pzccm/m/n/10.95 j ^^T
 []


Overfull \hbox (4.90044pt too wide) in paragraph at lines 765--766
\OT1/ptmcm/m/n/10.95 (12\OML/ptmcm/m/it/10.95 L \OT1/ptmcm/m/n/10.95 + 4\OML/pt
mcm/m/it/10.95 ^^N \OT1/ptmcm/m/n/10.95 + 2)3[]$ \OT1/ptm/m/it/10.95 for any $\
OT1/ptmcm/m/n/10.95 1 \OMS/pzccm/m/n/10.95 ^^T \OML/ptmcm/m/it/10.95 i \OMS/pzc
cm/m/n/10.95 ^^T \OML/ptmcm/m/it/10.95 n$\OT1/ptm/m/it/10.95 , or find an in-fi
-nite or-der el-e-ment $\OML/ptmcm/m/it/10.95 g \OT1/ptmcm/m/n/10.95 = \OML/ptm
cm/m/it/10.95 a[]a[] [] a[]$
 []

[26] (./fig9_minitri.pstex_t
File: fig9_minitri.pstex Graphic file (type eps)
 <fig9_minitri.pstex>) (./fig9_fin_order.pstex_t
File: fig9_fin_order.pstex Graphic file (type eps)

<fig9_fin_order.pstex>) [27] [28]

LaTeX Warning: Citation `quadratic' on page 29 undefined on input line 882.

[29]

LaTeX Warning: Citation `quadratic' on page 30 undefined on input line 901.


LaTeX Warning: Citation `rational' on page 30 undefined on input line 901.


LaTeX Warning: Citation `linear' on page 30 undefined on input line 912.

[30]

LaTeX Warning: Citation `rational' on page 31 undefined on input line 928.

[31] [32]
Chapter 4.
[33

] [34] [35] [36] (./coset_thin_general2.pstex_t
File: coset_thin_general2.pstex Graphic file (type eps)
 <coset_thin_general2.pstex>) [37]

LaTeX Warning: Reference `figure:coset_thin_case_1' on page 38 undefined on inp
ut line 1104.


LaTeX Warning: Reference `figure:coset_thin_case_1' on page 38 undefined on inp
ut line 1106.

(./coset_thin_case_1.pstex_t
File: coset_thin_case_1.pstex Graphic file (type eps)
 <coset_thin_case_1.pstex>)
Overfull \hbox (11.55371pt too wide) in paragraph at lines 3--1111
 [][] 
 []

(./coset_thin_case_345.pstex_t
File: coset_thin_case_345.pstex Graphic file (type eps)
 <coset_thin_case_345.pstex>)
Overfull \hbox (24.13696pt too wide) in paragraph at lines 3--1119
 [][] 
 []

[38] [39]

LaTeX Warning: Citation `6author' on page 40 undefined on input line 1139.

[40]

LaTeX Warning: Reference `lemma:conj_quarilateral' on page 41 undefined on inpu
t line 1172.


Overfull \hbox (4.83217pt too wide) in paragraph at lines 1172--1173
[]\OT1/ptm/m/n/10.95 The re-main-ing case of Lemma [] says that for $\OML/ptmcm
/m/it/10.95 i \OT1/ptmcm/m/n/10.95 = [] \OMS/pzccm/m/n/10.95 ^^@ \OML/ptmcm/m/i
t/10.95 ^^N$\OT1/ptm/m/n/10.95 , $\OML/ptmcm/m/it/10.95 u \OT1/ptmcm/m/n/10.95 
=[] \OML/ptmcm/m/it/10.95 w\OT1/ptmcm/m/n/10.95 (\OMS/pzccm/m/n/10.95 ^^@\OML/p
tmcm/m/it/10.95 i\OT1/ptmcm/m/n/10.95 )\OML/ptmcm/m/it/10.95 u[]w[]\OT1/ptmcm/m
/n/10.95 (\OML/ptmcm/m/it/10.95 i\OT1/ptmcm/m/n/10.95 )$
 []


Overfull \hbox (10.24463pt too wide) in paragraph at lines 1172--1173
\OT1/ptm/m/n/10.95 At least one of these points must now lie within $\OML/ptmcm
/m/it/10.95 K$ \OT1/ptm/m/n/10.95 of $\OML/ptmcm/m/it/10.95 H$\OT1/ptm/m/n/10.9
5 , so ei-ther $\OMS/pzccm/m/n/10.95 j\OML/ptmcm/m/it/10.95 w\OMS/pzccm/m/n/10.
95 j \OT1/ptmcm/m/n/10.95 = \OML/ptmcm/m/it/10.95 d\OT1/ptmcm/m/n/10.95 (\OML/p
tmcm/m/it/10.95 H; Hw\OT1/ptmcm/m/n/10.95 (\OMS/pzccm/m/n/10.95 j\OML/ptmcm/m/i
t/10.95 w\OMS/pzccm/m/n/10.95 j ^^@
 []


LaTeX Warning: Citation `bridson_howie' on page 41 undefined on input line 1177
.

[41]

LaTeX Warning: Citation `holt' on page 42 undefined on input line 1184.


LaTeX Warning: Reference `prop:high_power_long_conj' on page 42 undefined on in
put line 1210.

[42]
Overfull \hbox (2.84547pt too wide) in paragraph at lines 1237--1238
\OT1/ptm/m/n/10.95 In this sec-tion, we will give some re-sults which show that
 not just balls but geodesics
 []

(./geodesic_outside_GIB.pstex_t
File: geodesic_outside_GIB.pstex Graphic file (type eps)
 <geodesic_outside_GIB.pstex>) [43]

LaTeX Warning: Citation `holt' on page 44 undefined on input line 1270.


LaTeX Warning: Citation `me' on page 44 undefined on input line 1283.

[44]
Overfull \hbox (14.67993pt too wide) in paragraph at lines 1290--1291
[]\OT1/ptm/b/n/10.95 Lemma 4.4.5. []\OT1/ptm/m/it/10.95 If $\OML/ptmcm/m/it/10.
95 u$ \OT1/ptm/m/it/10.95 is a word with $\OMS/pzccm/m/n/10.95 j\OML/ptmcm/m/it
/10.95 u\OMS/pzccm/m/n/10.95 j ^^U \OML/ptmcm/m/it/10.95 L$ \OT1/ptm/m/it/10.95
 which la-bels an $\OML/ptmcm/m/it/10.95 L$\OT1/ptm/m/it/10.95 -local $\OT1/ptm
cm/m/n/10.95 (1\OML/ptmcm/m/it/10.95 ; \OT1/ptmcm/m/n/10.95 2\OML/ptmcm/m/it/10
.95 ^^N\OT1/ptmcm/m/n/10.95 )$\OT1/ptm/m/it/10.95 -quasigeodesic
 []


Overfull \hbox (8.91306pt too wide) in paragraph at lines 1294--1295
[]\OT1/ptm/m/n/10.95 Firstly, each sub-path of $\OML/ptmcm/m/it/10.95 ^^M$ \OT1
/ptm/m/n/10.95 of length at most $\OML/ptmcm/m/it/10.95 L$ \OT1/ptm/m/n/10.95 i
s clearly a $\OT1/ptmcm/m/n/10.95 (1\OML/ptmcm/m/it/10.95 ; \OT1/ptmcm/m/n/10.9
5 2\OML/ptmcm/m/it/10.95 ^^N\OT1/ptmcm/m/n/10.95 )$\OT1/ptm/m/n/10.95 -quasigeo
desic,
 []

[45]

LaTeX Warning: Reference `prop:high_power_long_conj' on page 46 undefined on in
put line 1334.

[46] (./3rdyeardraft.aux)

LaTeX Warning: There were undefined references.


LaTeX Warning: Label(s) may have changed. Rerun to get cross-references right.

 ) 
Here is how much of TeX's memory you used:
 2199 strings out of 95087
 28154 string characters out of 1183278
 73041 words of memory out of 1500000
 5302 multiletter control sequences out of 10000+50000
 35834 words of font info for 95 fonts, out of 1200000 for 2000
 28 hyphenation exceptions out of 8191
 32i,11n,24p,1206b,372s stack positions out of 5000i,500n,6000p,200000b,5000s

Output written on 3rdyeardraft.dvi (47 pages, 192060 bytes).
