This is pdfTeX, Version 3.1415926-1.40.10 (TeX Live 2009/Debian) (format=latex 2010.3.28)  6 MAY 2010 15:42
entering extended mode
 restricted \write18 enabled.
 %&-line parsing enabled.
**4thyeardraft.latex
(./4thyeardraft.latex
LaTeX2e <2009/09/24>
Babel <v3.8l> and hyphenation patterns for english, usenglishmax, dumylang, noh
yphenation, loaded.
(/usr/share/texmf-texlive/tex/latex/base/book.cls
Document Class: book 2007/10/19 v1.4h Standard LaTeX document class
(/usr/share/texmf-texlive/tex/latex/base/bk12.clo
File: bk12.clo 2007/10/19 v1.4h Standard LaTeX file (size option)
)
\c@part=\count79
\c@chapter=\count80
\c@section=\count81
\c@subsection=\count82
\c@subsubsection=\count83
\c@paragraph=\count84
\c@subparagraph=\count85
\c@figure=\count86
\c@table=\count87
\abovecaptionskip=\skip41
\belowcaptionskip=\skip42
\bibindent=\dimen102
)
(/usr/share/texmf-texlive/tex/latex/amsmath/amsmath.sty
Package: amsmath 2000/07/18 v2.13 AMS math features
\@mathmargin=\skip43

For additional information on amsmath, use the `?' option.
(/usr/share/texmf-texlive/tex/latex/amsmath/amstext.sty
Package: amstext 2000/06/29 v2.01

(/usr/share/texmf-texlive/tex/latex/amsmath/amsgen.sty
File: amsgen.sty 1999/11/30 v2.0
\@emptytoks=\toks14
\ex@=\dimen103
))
(/usr/share/texmf-texlive/tex/latex/amsmath/amsbsy.sty
Package: amsbsy 1999/11/29 v1.2d
\pmbraise@=\dimen104
)
(/usr/share/texmf-texlive/tex/latex/amsmath/amsopn.sty
Package: amsopn 1999/12/14 v2.01 operator names
)
\inf@bad=\count88
LaTeX Info: Redefining \frac on input line 211.
\uproot@=\count89
\leftroot@=\count90
LaTeX Info: Redefining \overline on input line 307.
\classnum@=\count91
\DOTSCASE@=\count92
LaTeX Info: Redefining \ldots on input line 379.
LaTeX Info: Redefining \dots on input line 382.
LaTeX Info: Redefining \cdots on input line 467.
\Mathstrutbox@=\box26
\strutbox@=\box27
\big@size=\dimen105
LaTeX Font Info:    Redeclaring font encoding OML on input line 567.
LaTeX Font Info:    Redeclaring font encoding OMS on input line 568.
\macc@depth=\count93
\c@MaxMatrixCols=\count94
\dotsspace@=\muskip10
\c@parentequation=\count95
\dspbrk@lvl=\count96
\tag@help=\toks15
\row@=\count97
\column@=\count98
\maxfields@=\count99
\andhelp@=\toks16
\eqnshift@=\dimen106
\alignsep@=\dimen107
\tagshift@=\dimen108
\tagwidth@=\dimen109
\totwidth@=\dimen110
\lineht@=\dimen111
\@envbody=\toks17
\multlinegap=\skip44
\multlinetaggap=\skip45
\mathdisplay@stack=\toks18
LaTeX Info: Redefining \[ on input line 2666.
LaTeX Info: Redefining \] on input line 2667.
)
(/usr/share/texmf-texlive/tex/latex/amsfonts/amssymb.sty
Package: amssymb 2009/06/22 v3.00

(/usr/share/texmf-texlive/tex/latex/amsfonts/amsfonts.sty
Package: amsfonts 2009/06/22 v3.00 Basic AMSFonts support
\symAMSa=\mathgroup4
\symAMSb=\mathgroup5
LaTeX Font Info:    Overwriting math alphabet `\mathfrak' in version `bold'
(Font)                  U/euf/m/n --> U/euf/b/n on input line 96.
))
(/usr/share/texmf-texlive/tex/latex/amscls/amsthm.sty
Package: amsthm 2004/08/06 v2.20
\thm@style=\toks19
\thm@bodyfont=\toks20
\thm@headfont=\toks21
\thm@notefont=\toks22
\thm@headpunct=\toks23
\thm@preskip=\skip46
\thm@postskip=\skip47
\thm@headsep=\skip48
\dth@everypar=\toks24
)
(/usr/share/texmf-texlive/tex/latex/graphics/color.sty
Package: color 2005/11/14 v1.0j Standard LaTeX Color (DPC)

(/etc/texmf/tex/latex/config/color.cfg
File: color.cfg 2007/01/18 v1.5 color configuration of teTeX/TeXLive
)
Package color Info: Driver file: dvips.def on input line 130.

(/usr/share/texmf-texlive/tex/latex/graphics/dvips.def
File: dvips.def 1999/02/16 v3.0i Driver-dependant file (DPC,SPQR)
)
(/usr/share/texmf-texlive/tex/latex/graphics/dvipsnam.def
File: dvipsnam.def 1999/02/16 v3.0i Driver-dependant file (DPC,SPQR)
))
(/usr/share/texmf-texlive/tex/latex/graphics/epsfig.sty
Package: epsfig 1999/02/16 v1.7a (e)psfig emulation (SPQR)

(/usr/share/texmf-texlive/tex/latex/graphics/graphicx.sty
Package: graphicx 1999/02/16 v1.0f Enhanced LaTeX Graphics (DPC,SPQR)

(/usr/share/texmf-texlive/tex/latex/graphics/keyval.sty
Package: keyval 1999/03/16 v1.13 key=value parser (DPC)
\KV@toks@=\toks25
)
(/usr/share/texmf-texlive/tex/latex/graphics/graphics.sty
Package: graphics 2009/02/05 v1.0o Standard LaTeX Graphics (DPC,SPQR)

(/usr/share/texmf-texlive/tex/latex/graphics/trig.sty
Package: trig 1999/03/16 v1.09 sin cos tan (DPC)
)
(/etc/texmf/tex/latex/config/graphics.cfg
File: graphics.cfg 2009/08/28 v1.8 graphics configuration of TeX Live
)
Package graphics Info: Driver file: dvips.def on input line 91.
)
\Gin@req@height=\dimen112
\Gin@req@width=\dimen113
)
\epsfxsize=\dimen114
\epsfysize=\dimen115
)
(/usr/share/texmf-texlive/tex/latex/algorithmicx/algpseudocode.sty
Package: algpseudocode 

(/usr/share/texmf-texlive/tex/latex/base/ifthen.sty
Package: ifthen 2001/05/26 v1.1c Standard LaTeX ifthen package (DPC)
)
(/usr/share/texmf-texlive/tex/latex/algorithmicx/algorithmicx.sty
Package: algorithmicx 2005/04/27 v1.2 Algorithmicx

Document Style algorithmicx 1.2 - a greatly improved `algorithmic' style
\c@ALG@line=\count100
\c@ALG@rem=\count101
\c@ALG@nested=\count102
\ALG@tlm=\skip49
\ALG@thistlm=\skip50
\c@ALG@Lnr=\count103
\c@ALG@blocknr=\count104
\c@ALG@storecount=\count105
\c@ALG@tmpcounter=\count106
\ALG@tmplength=\skip51
)
Document Style - pseudocode environments for use with the `algorithmicx' style
) (/usr/share/texmf-texlive/tex/latex/cite/cite.sty
LaTeX Info: Redefining \cite on input line 285.
LaTeX Info: Redefining \nocite on input line 356.
Package: cite 2009/08/29  v 5.2
)
(/usr/share/texmf-texlive/tex/latex/txfonts/txfonts.sty
Package: txfonts 2008/01/22 v3.2.1
LaTeX Font Info:    Redeclaring symbol font `operators' on input line 21.
LaTeX Font Info:    Overwriting symbol font `operators' in version `normal'
(Font)                  OT1/cmr/m/n --> OT1/txr/m/n on input line 21.
LaTeX Font Info:    Overwriting symbol font `operators' in version `bold'
(Font)                  OT1/cmr/bx/n --> OT1/txr/m/n on input line 21.
LaTeX Font Info:    Overwriting symbol font `operators' in version `bold'
(Font)                  OT1/txr/m/n --> OT1/txr/bx/n on input line 22.
\symitalic=\mathgroup6
LaTeX Font Info:    Overwriting symbol font `italic' in version `bold'
(Font)                  OT1/txr/m/it --> OT1/txr/bx/it on input line 26.
LaTeX Font Info:    Redeclaring math alphabet \mathbf on input line 29.
LaTeX Font Info:    Overwriting math alphabet `\mathbf' in version `normal'
(Font)                  OT1/cmr/bx/n --> OT1/txr/bx/n on input line 29.
LaTeX Font Info:    Overwriting math alphabet `\mathbf' in version `bold'
(Font)                  OT1/cmr/bx/n --> OT1/txr/bx/n on input line 29.
LaTeX Font Info:    Redeclaring math alphabet \mathit on input line 30.
LaTeX Font Info:    Overwriting math alphabet `\mathit' in version `normal'
(Font)                  OT1/cmr/m/it --> OT1/txr/m/it on input line 30.
LaTeX Font Info:    Overwriting math alphabet `\mathit' in version `bold'
(Font)                  OT1/cmr/bx/it --> OT1/txr/m/it on input line 30.
LaTeX Font Info:    Overwriting math alphabet `\mathit' in version `bold'
(Font)                  OT1/txr/m/it --> OT1/txr/bx/it on input line 31.
LaTeX Font Info:    Redeclaring math alphabet \mathsf on input line 40.
LaTeX Font Info:    Overwriting math alphabet `\mathsf' in version `normal'
(Font)                  OT1/cmss/m/n --> OT1/txss/m/n on input line 40.
LaTeX Font Info:    Overwriting math alphabet `\mathsf' in version `bold'
(Font)                  OT1/cmss/bx/n --> OT1/txss/m/n on input line 40.
LaTeX Font Info:    Overwriting math alphabet `\mathsf' in version `bold'
(Font)                  OT1/txss/m/n --> OT1/txss/b/n on input line 41.
LaTeX Font Info:    Redeclaring math alphabet \mathtt on input line 50.
LaTeX Font Info:    Overwriting math alphabet `\mathtt' in version `normal'
(Font)                  OT1/cmtt/m/n --> OT1/txtt/m/n on input line 50.
LaTeX Font Info:    Overwriting math alphabet `\mathtt' in version `bold'
(Font)                  OT1/cmtt/m/n --> OT1/txtt/m/n on input line 50.
LaTeX Font Info:    Overwriting math alphabet `\mathtt' in version `bold'
(Font)                  OT1/txtt/m/n --> OT1/txtt/b/n on input line 51.
LaTeX Font Info:    Redeclaring symbol font `letters' on input line 58.
LaTeX Font Info:    Overwriting symbol font `letters' in version `normal'
(Font)                  OML/cmm/m/it --> OML/txmi/m/it on input line 58.
LaTeX Font Info:    Overwriting symbol font `letters' in version `bold'
(Font)                  OML/cmm/b/it --> OML/txmi/m/it on input line 58.
LaTeX Font Info:    Overwriting symbol font `letters' in version `bold'
(Font)                  OML/txmi/m/it --> OML/txmi/bx/it on input line 59.
\symlettersA=\mathgroup7
LaTeX Font Info:    Overwriting symbol font `lettersA' in version `bold'
(Font)                  U/txmia/m/it --> U/txmia/bx/it on input line 67.
LaTeX Font Info:    Redeclaring math alphabet \mathfrak on input line 70.
LaTeX Font Info:    Redeclaring symbol font `symbols' on input line 77.
LaTeX Font Info:    Overwriting symbol font `symbols' in version `normal'
(Font)                  OMS/cmsy/m/n --> OMS/txsy/m/n on input line 77.
LaTeX Font Info:    Overwriting symbol font `symbols' in version `bold'
(Font)                  OMS/cmsy/b/n --> OMS/txsy/m/n on input line 77.
LaTeX Font Info:    Overwriting symbol font `symbols' in version `bold'
(Font)                  OMS/txsy/m/n --> OMS/txsy/bx/n on input line 78.
LaTeX Font Info:    Redeclaring symbol font `AMSa' on input line 93.
LaTeX Font Info:    Overwriting symbol font `AMSa' in version `normal'
(Font)                  U/msa/m/n --> U/txsya/m/n on input line 93.
LaTeX Font Info:    Overwriting symbol font `AMSa' in version `bold'
(Font)                  U/msa/m/n --> U/txsya/m/n on input line 93.
LaTeX Font Info:    Overwriting symbol font `AMSa' in version `bold'
(Font)                  U/txsya/m/n --> U/txsya/bx/n on input line 94.
LaTeX Font Info:    Redeclaring symbol font `AMSb' on input line 102.
LaTeX Font Info:    Overwriting symbol font `AMSb' in version `normal'
(Font)                  U/msb/m/n --> U/txsyb/m/n on input line 102.
LaTeX Font Info:    Overwriting symbol font `AMSb' in version `bold'
(Font)                  U/msb/m/n --> U/txsyb/m/n on input line 102.
LaTeX Font Info:    Overwriting symbol font `AMSb' in version `bold'
(Font)                  U/txsyb/m/n --> U/txsyb/bx/n on input line 103.
\symsymbolsC=\mathgroup8
LaTeX Font Info:    Overwriting symbol font `symbolsC' in version `bold'
(Font)                  U/txsyc/m/n --> U/txsyc/bx/n on input line 113.
LaTeX Font Info:    Redeclaring symbol font `largesymbols' on input line 120.
LaTeX Font Info:    Overwriting symbol font `largesymbols' in version `normal'
(Font)                  OMX/cmex/m/n --> OMX/txex/m/n on input line 120.
LaTeX Font Info:    Overwriting symbol font `largesymbols' in version `bold'
(Font)                  OMX/cmex/m/n --> OMX/txex/m/n on input line 120.
LaTeX Font Info:    Overwriting symbol font `largesymbols' in version `bold'
(Font)                  OMX/txex/m/n --> OMX/txex/bx/n on input line 121.
\symlargesymbolsA=\mathgroup9
LaTeX Font Info:    Overwriting symbol font `largesymbolsA' in version `bold'
(Font)                  U/txexa/m/n --> U/txexa/bx/n on input line 129.
LaTeX Info: Redefining \not on input line 1043.
LaTeX Info: Redefining \textsquare on input line 1063.
LaTeX Info: Redefining \openbox on input line 1064.
)
(/usr/share/texmf-texlive/tex/latex/tools/enumerate.sty
Package: enumerate 1999/03/05 v3.00 enumerate extensions (DPC)
\@enLab=\toks26
)
(/usr/share/texmf-texlive/tex/latex/supertabular/supertabular.sty
Package: supertabular 2004/02/20 v4.1e the supertabular environment
\c@tracingst=\count107
\ST@wd=\dimen116
\ST@rightskip=\skip52
\ST@leftskip=\skip53
\ST@parfillskip=\skip54
\ST@pageleft=\dimen117
\ST@headht=\dimen118
\ST@tailht=\dimen119
\ST@pagesofar=\dimen120
\ST@pboxht=\dimen121
\ST@lineht=\dimen122
\ST@stretchht=\dimen123
\ST@prevht=\dimen124
\ST@toadd=\dimen125
\ST@dimen=\dimen126
\ST@pbox=\box28
)
(/usr/share/texmf-texlive/tex/generic/epsf/epsf.sty
This is `epsf.tex' v2.7.3 <23 July 2005>
\epsffilein=\read1
\epsfframemargin=\dimen127
\epsfframethickness=\dimen128
\epsfrsize=\dimen129
\epsftmp=\dimen130
\epsftsize=\dimen131
\epsfxsize=\dimen132
\epsfysize=\dimen133
\pspoints=\dimen134
) (/usr/share/texmf-texlive/tex/latex/geometry/geometry.sty
Package: geometry 2008/12/21 v4.2 Page Geometry

(/usr/share/texmf-texlive/tex/generic/oberdiek/ifpdf.sty
Package: ifpdf 2009/04/10 v2.0 Provides the ifpdf switch (HO)
Package ifpdf Info: pdfTeX in pdf mode not detected.
)
(/usr/share/texmf-texlive/tex/generic/oberdiek/ifvtex.sty
Package: ifvtex 2008/11/04 v1.4 Switches for detecting VTeX and its modes (HO)
Package ifvtex Info: VTeX not detected.
)
\Gm@cnth=\count108
\Gm@cntv=\count109
\c@Gm@tempcnt=\count110
\Gm@bindingoffset=\dimen135
\Gm@wd@mp=\dimen136
\Gm@odd@mp=\dimen137
\Gm@even@mp=\dimen138
\Gm@dimlist=\toks27
)
\c@defn=\count111

(/usr/share/texmf-texlive/tex/latex/setspace/setspace.sty
Package: setspace 2000/12/01 6.7 Contributed and Supported LaTeX2e package

Package: `setspace' 6.7 <2000/12/01>
)

LaTeX Warning: Unused global option(s):
    [duplex].

(./4thyeardraft.aux)
\openout1 = `4thyeardraft.aux'.

LaTeX Font Info:    Checking defaults for OML/txmi/m/it on input line 53.
LaTeX Font Info:    Try loading font information for OML+txmi on input line 53.

 (/usr/share/texmf-texlive/tex/latex/txfonts/omltxmi.fd
File: omltxmi.fd 2000/12/15 v3.1
)
LaTeX Font Info:    ... okay on input line 53.
LaTeX Font Info:    Checking defaults for T1/cmr/m/n on input line 53.
LaTeX Font Info:    ... okay on input line 53.
LaTeX Font Info:    Checking defaults for OT1/cmr/m/n on input line 53.
LaTeX Font Info:    ... okay on input line 53.
LaTeX Font Info:    Checking defaults for OMS/txsy/m/n on input line 53.
LaTeX Font Info:    Try loading font information for OMS+txsy on input line 53.


(/usr/share/texmf-texlive/tex/latex/txfonts/omstxsy.fd
File: omstxsy.fd 2000/12/15 v3.1
)
LaTeX Font Info:    ... okay on input line 53.
LaTeX Font Info:    Checking defaults for OMX/txex/m/n on input line 53.
LaTeX Font Info:    Try loading font information for OMX+txex on input line 53.


(/usr/share/texmf-texlive/tex/latex/txfonts/omxtxex.fd
File: omxtxex.fd 2000/12/15 v3.1
)
LaTeX Font Info:    ... okay on input line 53.
LaTeX Font Info:    Checking defaults for U/txexa/m/n on input line 53.
LaTeX Font Info:    Try loading font information for U+txexa on input line 53.

(/usr/share/texmf-texlive/tex/latex/txfonts/utxexa.fd
File: utxexa.fd 2000/12/15 v3.1
)
LaTeX Font Info:    ... okay on input line 53.
LaTeX Font Info:    Try loading font information for OT1+txr on input line 53.

(/usr/share/texmf-texlive/tex/latex/txfonts/ot1txr.fd
File: ot1txr.fd 2000/12/15 v3.1
)
*geometry auto-detecting driver*
*geometry detected driver: dvips*
-------------------- Geometry parameters
paper: a4paper
landscape: --
twocolumn: --
twoside: true
asymmetric: --
h-parts: 113.81102pt, 398.3386pt, 85.35826pt
v-parts: 101.40665pt, 0.7\paperheight , 152.11pt (default)
hmarginratio: --
vmarginratio: 2:3
lines: --
heightrounded: --
bindingoffset: 0.0pt
truedimen: --
includehead: --
includefoot: --
includemp: --
driver: dvips
-------------------- Page layout dimensions and switches
\paperwidth  597.50787pt
\paperheight 845.04684pt
\textwidth  398.3386pt
\textheight 591.5302pt
\oddsidemargin  41.54103pt
\evensidemargin 13.08827pt
\topmargin  -2.73714pt
\headheight 12.0pt
\headsep    19.8738pt
\footskip   30.0pt
\marginparwidth 88.0pt
\marginparsep   7.0pt
\columnsep  10.0pt
\skip\footins  10.8pt plus 4.0pt minus 2.0pt
\hoffset 0.0pt
\voffset 0.0pt
\mag 1000
\@twosidetrue \@mparswitchtrue 
(1in=72.27pt, 1cm=28.45pt)
-----------------------
LaTeX Font Info:    Try loading font information for U+txsya on input line 68.
(/usr/share/texmf-texlive/tex/latex/txfonts/utxsya.fd
File: utxsya.fd 2000/12/15 v3.1
)
LaTeX Font Info:    Try loading font information for U+txsyb on input line 68.

(/usr/share/texmf-texlive/tex/latex/txfonts/utxsyb.fd
File: utxsyb.fd 2000/12/15 v3.1
)
LaTeX Font Info:    Try loading font information for U+txmia on input line 68.

(/usr/share/texmf-texlive/tex/latex/txfonts/utxmia.fd
File: utxmia.fd 2000/12/15 v3.1
)
LaTeX Font Info:    Try loading font information for U+txsyc on input line 68.

(/usr/share/texmf-texlive/tex/latex/txfonts/utxsyc.fd
File: utxsyc.fd 2000/12/15 v3.1
)
File: ./img/CoverPageWarwickUni.eps Graphic file (type eps)

<./img/CoverPageWarwickUni.eps>
Overfull \hbox (28.4505pt too wide) in paragraph at lines 77--78
 [][] 
 []

[1


] (./4thyeardraft.toc [1

])
\tf@toc=\write3
\openout3 = `4thyeardraft.toc'.

 [2] (./4thyeardraft.lof [3

])
\tf@lof=\write4
\openout4 = `4thyeardraft.lof'.

 [4] [5] [6] [7]
[8]
Chapter 1.
[1


] [2] [3] [4] [5] [6] [7] (./thin_triangles.pstex_t
File: thin_triangles.pstex Graphic file (type eps)
 <thin_triangles.pstex>)
[8] [9]
Overfull \hbox (8.13422pt too wide) in paragraph at lines 375--376
[]\OT1/txr/m/n/12 This al-go-rithm ter-mi-nates if and only if the pre-sen-ta-t
ion de-fines a word-hyperbolic
 []

[10] [11] [12]
\c@regularenum=\count112
 [13] [14]
Overfull \hbox (1.34541pt too wide) in paragraph at lines 523--524
\OT1/txr/m/n/12 We close this chap-ter with some other mis-cel-la-neous no-ta-t
ion which is used through-
 []

[15] [16]
Chapter 2.
[17

]
LaTeX Font Info:    Try loading font information for OMS+txr on input line 565.

 (/usr/share/texmf-texlive/tex/latex/txfonts/omstxr.fd
File: omstxr.fd 2000/12/15 v3.1
)
LaTeX Font Info:    Font shape `OMS/txr/m/it' in size <12> not available
(Font)              Font shape `OMS/txsy/m/n' tried instead on input line 565.
 [18]
LaTeX Font Info:    Font shape `OMS/txr/m/n' in size <12> not available
(Font)              Font shape `OMS/txsy/m/n' tried instead on input line 584.
 [19] [20]
[21] [22] [23] [24] [25]
Underfull \vbox (badness 10000) has occurred while \output is active []

 [26]
(./make_long.pstex_t
File: make_long.pstex Graphic file (type eps)
 <make_long.pstex>)
Underfull \vbox (badness 10000) has occurred while \output is active []

 [27]
Underfull \vbox (badness 6412) has occurred while \output is active []

 [28]
[29]
Overfull \hbox (7.1702pt too wide) in paragraph at lines 941--942
[]\OT1/txr/m/n/12 By Propo-si-tion 2.3.1[], all pos-i-tive pow-ers of $\OML/txm
i/m/it/12 u[]$ \OT1/txr/m/n/12 la-bel $\OML/txmi/m/it/12 L$\OT1/txr/m/n/12 -loc
al $(1\OML/txmi/m/it/12 ; \OT1/txr/m/n/12 2\OML/txmi/m/it/12 ^^N\OT1/txr/m/n/12
 )$-quasigeodesics
 []

[30]
Overfull \hbox (1.1534pt too wide) in paragraph at lines 974--975
\OT1/txr/m/n/12 In this sub-sec-tion, we sup-pose that we are given an $\OML/tx
mi/m/it/12 X$\OT1/txr/m/n/12 -word $\OML/txmi/m/it/12 g$ \OT1/txr/m/n/12 which 
la-bels a geodesic
 []

(./thin_quad.pstex_t
File: thin_quad.pstex Graphic file (type eps)
 <thin_quad.pstex>) (./thin_quad_zoom.pstex_t
File: thin_quad_zoom.pstex Graphic file (type eps)

<thin_quad_zoom.pstex>) (./quad_end.pstex_t
File: quad_end.pstex Graphic file (type eps)
 <quad_end.pstex>) [31] [32]
Underfull \vbox (badness 1635) has occurred while \output is active []

 [33]
[34] [35]
Underfull \vbox (badness 5681) has occurred while \output is active []

 [36]
[37] [38] [39] [40] [41] [42] [43] [44] (./tri_midpoint.pstex_t
File: tri_midpoint.pstex Graphic file (type eps)

<tri_midpoint.pstex>)
Underfull \vbox (badness 10000) has occurred while \output is active []

 [45]
[46] [47] (./extend_c.pstex_t
File: extend_c.pstex Graphic file (type eps)
 <extend_c.pstex>)
Underfull \vbox (badness 10000) has occurred while \output is active []

 [48]
Overfull \hbox (40.43938pt too wide) in paragraph at lines 1481--1482
[]\OT1/txr/m/n/12 It can now be shown that the al-go-rithm runs in time $\OML/t
xmi/m/it/12 O\OT1/txr/m/n/12 (\OML/txmi/m/it/12 m[]^^V\OT1/txr/m/n/12 )$. Note 
that $\OMS/txsy/m/n/12 j\OML/txmi/m/it/12 c[]a[] [] a[]c[]\OMS/txsy/m/n/12 j ^^
T
 []


Underfull \vbox (badness 10000) has occurred while \output is active []

 [49]
(./shorten_tri.pstex_t
File: shorten_tri.pstex Graphic file (type eps)
 <shorten_tri.pstex>)
Underfull \vbox (badness 10000) has occurred while \output is active []

 [50]
Overfull \hbox (0.51135pt too wide) in paragraph at lines 1545--1546
\OT1/txr/m/n/12 and $(\OML/txmi/m/it/12 b[]; [] ; b[]\OT1/txr/m/n/12 )$, and th
e lists $(\OML/txmi/m/it/12 a[]; a[]; [] ; a[]\OT1/txr/m/n/12 )$ and $(\OML/txm
i/m/it/12 b[]; b[]; [] ; b[]\OT1/txr/m/n/12 )$ where $\OML/txmi/m/it/12 a[] \OT
1/txr/m/n/12 = \OML/txmi/m/it/12 a[] [] a[]$
 []


Underfull \vbox (badness 5985) has occurred while \output is active []

 [51]
[52] [53] [54] [55] [56] [57] [58]
Underfull \vbox (badness 10000) has occurred while \output is active []

 [59]
Overfull \hbox (1.67413pt too wide) in paragraph at lines 1750--1751
[]\OT1/txr/m/n/12 Once again, we note that the cen-traliser of $\OML/txmi/m/it/
12 A$ \OT1/txr/m/n/12 is re-turned by \OT1/txr/m/sc/12 Test-Con-ju-gacy\OT1/txr
/m/n/12 ($\OML/txmi/m/it/12 A; A$\OT1/txr/m/n/12 ). 
 []

[60] [61] [62

]
Chapter 3.
[63] [64] (./extend_word.pstex_t
File: extend_word.pstex Graphic file (type eps)
 <extend_word.pstex>)
Underfull \vbox (badness 1852) has occurred while \output is active []

 [65]
Underfull \vbox (badness 10000) has occurred while \output is active []

 [66]
(./min_conj.pstex_t
File: min_conj.pstex Graphic file (type eps)
 <min_conj.pstex>) [67] [68] (./sls_power_canc.pstex_t
File: sls_power_canc.pstex Graphic file (type eps)

<sls_power_canc.pstex>) [69] [70]
Overfull \hbox (43.11237pt too wide) has occurred while \output is active
\OT1/txr/m/sl/12 3.4.  TESTING CONJUGACY WITH ELEMENTS OF A QUASICONVEX SUBGROU
P \OT1/txr/m/n/12 71
 []

[71] [72] [73] (./short_coset_rep.pstex_t
File: short_coset_rep.pstex Graphic file (type eps)
 <short_coset_rep.pstex>) [74]
[75] (./double_coset_reps.pstex_t
File: double_coset_reps.pstex Graphic file (type eps)
 <double_coset_reps.pstex>) [76]
(./double_coset_h_k_long.pstex_t
File: double_coset_h_k_long.pstex Graphic file (type eps)
 <double_coset_h_k_long.pstex>) [77] [78]
Chapter 4.
[79

] [80] [81] (./ball_not_iso.pstex_t
File: ball_not_iso.pstex Graphic file (type eps)
 <ball_not_iso.pstex>) [82] [83] [84]
[85] (./coset_thin_tri_in_ccay.pstex_t
File: coset_thin_tri_in_ccay.pstex Graphic file (type eps)
 <coset_thin_tri_in_ccay.pstex>)
(./coset_thin_tri_in_cay.pstex_t
File: coset_thin_tri_in_cay.pstex Graphic file (type eps)
 <coset_thin_tri_in_cay.pstex>) [86] [87]
(./coset_thin_no_corr.pstex_t
File: coset_thin_no_corr.pstex Graphic file (type eps)
 <coset_thin_no_corr.pstex>)
Underfull \vbox (badness 1968) has occurred while \output is active []

 [88]
(./coset_thin_swap_sides.pstex_t
File: coset_thin_swap_sides.pstex Graphic file (type eps)
 <coset_thin_swap_sides.pstex>)
Underfull \vbox (badness 10000) has occurred while \output is active []

 [89]
(./coset_thin_self_corr.pstex_t
File: coset_thin_self_corr.pstex Graphic file (type eps)
 <coset_thin_self_corr.pstex>)
Underfull \vbox (badness 10000) has occurred while \output is active []

 [90]
(./coset_thin_near_corr.pstex_t
File: coset_thin_near_corr.pstex Graphic file (type eps)
 <coset_thin_near_corr.pstex>)
Underfull \vbox (badness 10000) has occurred while \output is active []

 [91]
(./bad_corr.pstex_t
File: bad_corr.pstex Graphic file (type eps)
 <bad_corr.pstex>)
Underfull \vbox (badness 10000) has occurred while \output is active []

 [92]
(./not_hyp.pstex_t
File: not_hyp.pstex Graphic file (type eps)
 <not_hyp.pstex>) [93] [94] [95] [96] (./quad_case_1.pstex_t
File: quad_case_1.pstex Graphic file (type eps)

<quad_case_1.pstex>)
Underfull \vbox (badness 10000) has occurred while \output is active []

 [97]
(./quad_case_2.pstex_t
File: quad_case_2.pstex Graphic file (type eps)
 <quad_case_2.pstex>)
Underfull \vbox (badness 3333) has occurred while \output is active []

 [98]
Underfull \vbox (badness 6675) has occurred while \output is active []

 [99]
[100] [101]
Overfull \hbox (9.22939pt too wide) in paragraph at lines 2740--2741
\OT1/txr/m/n/12 Foord proved in The-o-rem 4.3.1.1 of [9] that tor-sion free sub
-groups of word-hyperbolic
 []

[102]
Underfull \vbox (badness 1454) has occurred while \output is active []

 [103]
(./geodesic_outside_GIB.pstex_t
File: geodesic_outside_GIB.pstex Graphic file (type eps)
 <geodesic_outside_GIB.pstex>) [104] [105]
[106

]
Chapter 5.
[107] (./1k_close_geo.pstex_t
File: 1k_close_geo.pstex Graphic file (type eps)
 <1k_close_geo.pstex>) [108] (./1k_tri2.pstex_t
File: 1k_tri2.pstex Graphic file (type eps)

<1k_tri2.pstex>)
Overfull \hbox (0.82428pt too wide) in paragraph at lines 2899--2900
[]\OT1/txr/m/n/12 Pick geodesics $[[]\OML/txmi/m/it/12 ; []\OT1/txr/m/n/12 ]$, 
$[[]\OML/txmi/m/it/12 ; []\OT1/txr/m/n/12 ]$ and $[[]\OML/txmi/m/it/12 ; []\OT1
/txr/m/n/12 ]$ con-nect-ing $[]$, $[]$ and $[]$, to form a geodesic
 []

[109]
Underfull \vbox (badness 10000) has occurred while \output is active []

 [110]
[111] (./resolve_nonvertex_1.pstex_t
File: resolve_nonvertex_1.pstex Graphic file (type eps)
 <resolve_nonvertex_1.pstex>) [112]
Underfull \vbox (badness 10000) has occurred while \output is active []

 [113]
Overfull \hbox (6.4501pt too wide) in paragraph at lines 3003--3004
[]\OT1/txr/m/n/12 Thus it re-mains to con-sider the case where nei-ther $[[]\OM
L/txmi/m/it/12 ; []\OT1/txr/m/n/12 ][[]\OML/txmi/m/it/12 ; []\OT1/txr/m/n/12 ]$
 nor $[[]\OML/txmi/m/it/12 ; []\OT1/txr/m/n/12 ][[]\OML/txmi/m/it/12 ; []\OT1/t
xr/m/n/12 ]$
 []

(./resolve_nonvertex_2.pstex_t
File: resolve_nonvertex_2.pstex Graphic file (type eps)
 <resolve_nonvertex_2.pstex>)
Underfull \vbox (badness 10000) has occurred while \output is active []

 [114]
Underfull \vbox (badness 10000) has occurred while \output is active []

 [115]
[116]
Overfull \hbox (7.41338pt too wide) in paragraph at lines 3070--3071
[]\OT1/txr/bx/n/12 Proposition 5.3.2. []\OT1/txr/m/it/12 With the hy-poth-e-sis
 given at the start of this sec-tion, $\OT1/txr/m/n/12 ^^@[]$ \OT1/txr/m/it/12 
is $[]$-
 []

(./triangle_beta_const.pstex_t
File: triangle_beta_const.pstex Graphic file (type eps)
 <triangle_beta_const.pstex>) [117]
(./4thyeardraft.bbl [118] [119

]) [120] (./4thyeardraft.aux) ) 
Here is how much of TeX's memory you used:
 3895 strings out of 495062
 52320 string characters out of 1182644
 103927 words of memory out of 3000000
 6905 multiletter control sequences out of 15000+50000
 41344 words of font info for 122 fonts, out of 3000000 for 9000
 28 hyphenation exceptions out of 8191
 32i,13n,24p,1384b,395s stack positions out of 5000i,500n,10000p,200000b,50000s

Output written on 4thyeardraft.dvi (129 pages, 468204 bytes).
