mktextfm phvr8t
mktextfm phvr8t
mktextfm phvr8t
mktextfm phvr8t
mktextfm phvr8t
mktextfm phvr8t
mktextfm zptmcmrm
mktextfm zptmcmrm
mktextfm zptmcmrm
mktextfm zpzccmry
mktextfm zpzccmry
mktextfm zpzccmry
mktextfm zpsycmrv
mktextfm zpsycmrv
mktextfm zpsycmrv
mktextfm ptmb7t
mktextfm nullfont
mktextfm ptmb7t
mktextfm nullfont
mktextfm ptmb7t
mktextfm nullfont
mktextfm ptmri7t
mktextfm ptmri7t
mktextfm ptmri7t
mktextfm phvro8t
mktextfm nullfont
mktextfm phvro8t
mktextfm nullfont
mktextfm phvro8t
mktextfm nullfont
mktextfm zptmcmrm
mktextfm zptmcmrm
mktextfm zptmcmrm
mktextfm zpzccmry
mktextfm zpzccmry
mktextfm zpzccmry
mktextfm zpsycmrv
mktextfm zpsycmrv
mktextfm zpsycmrv
mktextfm ptmb7t
mktextfm nullfont
mktextfm ptmb7t
mktextfm nullfont
mktextfm ptmb7t
mktextfm nullfont
mktextfm ptmri7t
mktextfm ptmri7t
mktextfm ptmri7t
mktextfm phvr8t
mktextfm phvr8t
mktextfm phvro8t
mktextfm nullfont
mktextfm phvro8t
mktextfm nullfont
mktextfm phvro8t
mktextfm nullfont
mktextfm phvr8t
mktextfm zptmcmrm
mktextfm zptmcmrm
mktextfm zpzccmry
mktextfm zpzccmry
mktextfm zpsycmrv
mktextfm zpsycmrv
mktextfm ptmb7t
mktextfm nullfont
mktextfm ptmb7t
mktextfm nullfont
mktextfm ptmri7t
mktextfm ptmri7t
mktextfm phvr8t
mktextfm phvro8t
mktextfm nullfont
mktextfm phvro8t
mktextfm nullfont
mktextfm phvb8t
mktextfm nullfont
mktextfm zptmcmrm
mktextfm zpzccmry
mktextfm zpsycmrv
mktextfm ptmb7t
mktextfm nullfont
mktextfm ptmri7t
mktextfm phvro8t
mktextfm nullfont
